<?xml version="1.0" encoding="UTF-8"?>
<testng-results skipped="0" failed="0" ignored="0" total="1" passed="1">
  <reporter-output>
  </reporter-output>
  <suite name="Default suite" duration-ms="3652" started-at="2021-04-04T16:21:40 EDT" finished-at="2021-04-04T16:21:44 EDT">
    <groups>
    </groups>
    <test name="Default test" duration-ms="3652" started-at="2021-04-04T16:21:40 EDT" finished-at="2021-04-04T16:21:44 EDT">
      <class name="com.StepDef.EmptyForm">
        <test-method status="PASS" signature="i_scroll_down_to_submit_button()[pri:0, instance:com.StepDef.EmptyForm@1b26f7b2]" name="i_scroll_down_to_submit_button" duration-ms="3629" started-at="2021-04-04T16:21:40 EDT" finished-at="2021-04-04T16:21:44 EDT">
          <reporter-output>
          </reporter-output>
        </test-method> <!-- i_scroll_down_to_submit_button -->
      </class> <!-- com.StepDef.EmptyForm -->
    </test> <!-- Default test -->
  </suite> <!-- Default suite -->
</testng-results>
