<?xml version="1.0" encoding="UTF-8"?>
<testng-results skipped="0" failed="0" ignored="0" total="1" passed="1">
  <reporter-output>
  </reporter-output>
  <suite name="Default suite" duration-ms="2891" started-at="2021-04-19T08:17:47 EDT" finished-at="2021-04-19T08:17:50 EDT">
    <groups>
      <group name="cucumber">
        <method signature="AbstractTestNGCucumberTests.feature(cucumber.api.testng.CucumberFeatureWrapper)[pri:0, instance:com.TestRunner.TestRunner@69b0fd6f]" name="feature" class="cucumber.api.testng.AbstractTestNGCucumberTests"/>
      </group> <!-- cucumber -->
    </groups>
    <test name="Default test" duration-ms="2891" started-at="2021-04-19T08:17:47 EDT" finished-at="2021-04-19T08:17:50 EDT">
      <class name="com.TestRunner.TestRunner">
        <test-method status="PASS" signature="setUpClass()[pri:0, instance:com.TestRunner.TestRunner@69b0fd6f]" name="setUpClass" is-config="true" duration-ms="120" started-at="2021-04-19T08:17:47 EDT" finished-at="2021-04-19T08:17:47 EDT">
          <reporter-output>
          </reporter-output>
        </test-method> <!-- setUpClass -->
        <test-method status="PASS" signature="feature(cucumber.api.testng.CucumberFeatureWrapper)[pri:0, instance:com.TestRunner.TestRunner@69b0fd6f]" name="feature" duration-ms="2693" started-at="2021-04-19T08:17:47 EDT" description="Runs Cucumber Feature" data-provider="features" finished-at="2021-04-19T08:17:50 EDT">
          <params>
            <param index="0">
              <value>
                <![CDATA[Empty Form]]>
              </value>
            </param>
          </params>
          <reporter-output>
          </reporter-output>
        </test-method> <!-- feature -->
        <test-method status="PASS" signature="tearDownClass()[pri:0, instance:com.TestRunner.TestRunner@69b0fd6f]" name="tearDownClass" is-config="true" duration-ms="2" started-at="2021-04-19T08:17:50 EDT" finished-at="2021-04-19T08:17:50 EDT">
          <reporter-output>
          </reporter-output>
        </test-method> <!-- tearDownClass -->
      </class> <!-- com.TestRunner.TestRunner -->
    </test> <!-- Default test -->
  </suite> <!-- Default suite -->
</testng-results>
